<?xml version="1.0" encoding="UTF-8"?>
<!-- Generated by org.testng.reporters.JUnitXMLReporter -->
<testsuite hostname="DESKTOP-N6F7F8A" ignored="0" name="test" tests="1" failures="0" timestamp="2019-11-12T21:05:14 AEDT" time="0.204" errors="0">
  <testcase name="@BeforeMethod setup" time="-1.573553114299E9" classname="tests.TestBaseClass">
    <failure type="org.testng.TestNGException" message="
Can inject only one of &amp;lt;ITestContext, XmlTest, Method, Object[], ITestResult&amp;gt; into a @BeforeMethod annotated setup.
For more information on native dependency injection please refer to http://testng.org/doc/documentation-main.html#native-dependency-injection">
      <![CDATA[org.testng.TestNGException: 
Can inject only one of <ITestContext, XmlTest, Method, Object[], ITestResult> into a @BeforeMethod annotated setup.
For more information on native dependency injection please refer to http://testng.org/doc/documentation-main.html#native-dependency-injection
at java.util.concurrent.ThreadPoolExecutor.runWorker(ThreadPoolExecutor.java:1149)
at java.util.concurrent.ThreadPoolExecutor$Worker.run(ThreadPoolExecutor.java:624)
at java.lang.Thread.run(Thread.java:748)
... Removed 13 stack frames]]>
    </failure>
  </testcase> <!-- @BeforeMethod setup -->
  <testcase name="@AfterMethod teardown" time="-1.573553114346E9" classname="tests.TestBaseClass">
    <skipped/>
  </testcase> <!-- @AfterMethod teardown -->
  <testcase name="basicTest" time="0.0" classname="tests.TestClass">
    <skipped/>
  </testcase> <!-- basicTest -->
</testsuite> <!-- test -->
